2020-01-20 12:01:32.191736: proceso iniciado.
2020-01-20 12:01:32.201287: procesando feed: Infobae - https://www.infobae.com/feeds/rss/
2020-01-20 12:01:32.708294: feed descargado.
2020-01-20 12:01:32.756784: ítem registrado: La esposa de George Orwell le permitió acostarse con una amiga: cartas
2020-01-20 12:01:32.798513: ítem registrado: Así es el exclusivo Lamborghini que destrozó Sergio Romero en el choque
2020-01-20 12:01:32.848703: ítem registrado: La oposición a la reforma de las pensiones en Francia pierde fuerza pero se radicaliza
2020-01-20 12:01:32.898822: ítem registrado: Comenzó en Bogotá la Cumbre Hemisférica contra el Terrorismo
2020-01-20 12:01:32.940646: ítem registrado: WhatsApp: el truco para que no sepan que estás escribiendo
2020-01-20 12:01:33.007532: ítem registrado: Opositor venezolano Guaidó asistirá al foro económico de Davos (diputado)
2020-01-20 12:01:33.049294: ítem registrado: Pompeo pide "seguir apoyando" esfuerzos para "acabar con la tiranía" de Maduro en Venezuela
2020-01-20 12:01:33.091087: ítem registrado: Bienes Personales: evalúan permitir que los fondos repatriados para evitar la alícuota del 2,25% se puedan invertir en proyectos inmobiliarios
2020-01-20 12:01:33.133427: ítem registrado: AIE advierte a petroleras que la inacción en temas de emisiones no es una opción
2020-01-20 12:01:33.191497: ítem registrado: Oro sube por mayor interés en activos de refugio; platino se dispara
2020-01-20 12:01:33.233298: ítem registrado: Tras Berlín, la paz en Libia sigue en un incierto horizonte
2020-01-20 12:01:33.275079: ítem registrado: FMI anticipa un menor crecimiento de América Latina este año tras débil 2019
2020-01-20 12:01:33.317087: ítem registrado: Caravana migrante se prepara para ingresar a México desde Guatemala
2020-01-20 12:01:33.367006: ítem registrado: El canciller chavista llegó a Teherán y se reunió con su homólogo del régimen iraní
2020-01-20 12:01:33.408698: ítem registrado: Más a mano imposible: dónde están los árboles frutales en las calles porteñas
2020-01-20 12:01:33.458895: ítem registrado: Confirman autenticidad de autorretrato de Van Gogh
2020-01-20 12:01:33.508909: ítem registrado: Susto para Sergio Romero en Inglaterra: se accidentó con su auto, pero no sufrió heridas
2020-01-20 12:01:33.550844: ítem registrado: El día que Galíndez huyó, dejó al campeón esperando en el ring y por única vez Las Vegas se quedó sin pelea
2020-01-20 12:01:33.592532: ítem registrado: Caravana de centroamericanos vuelve a tocar la puerta de México para llegar a EEUU
2020-01-20 12:01:33.634323: ítem registrado: Migrantes varados en Guatemala piden entrar en México
2020-01-20 12:01:33.679560: ítem registrado: El “beso” entre Cristiano Ronaldo y Paulo Dybala que se volvió viral
2020-01-20 12:01:33.721359: ítem registrado: Presidente de Sri Lanka reconoce muerte de miles de personas dadas como desaparecidas en la guerra
2020-01-20 12:01:33.771491: ítem registrado: “No son ocurrencias”: López Obrador habló sobre la polémica rifa del avión presidencial
2020-01-20 12:01:33.821606: ítem registrado: Caravana migrante se prepara para ingresar a México desde Guatemala
2020-01-20 12:01:33.863418: ítem registrado: Los grandes del fútbol italiano se citan en cuartos de Copa
2020-01-20 12:01:33.938436: ítem registrado: Al menos diez muertos al derrumbarse plataforma durante la festividad de la Epifanía en Etiopía (médicos)
2020-01-20 12:01:33.980304: ítem registrado: Matan a tiros a dos hombres de Montenegro en Grecia
2020-01-20 12:01:34.022155: ítem registrado: Golpe a la barra de Racing: detuvieron a sus jefes por la paliza a un periodista
2020-01-20 12:01:34.063897: ítem registrado: Federer debuta en Australia con una sublime victoria en Melbourne
2020-01-20 12:01:34.105615: ítem registrado: Las mujeres, las grandes perdedoras de la distribución de la riqueza mundial, denuncia Oxfam
2020-01-20 12:01:34.147469: ítem registrado: Pinamar: choque frontal en la ruta 11 dejó tres muertos y cuatro heridos
2020-01-20 12:01:34.197507: ítem registrado: La autopsia confirmó que Fernando Báez Sosa murió por un golpe muy fuerte en la cabeza
2020-01-20 12:01:34.199374: ítem existente, abortando...
2020-01-20 12:01:34.199431: procesando feed: Clarín - Lo Último - https://www.clarin.com/rss/lo-ultimo/
2020-01-20 12:01:34.326309: feed descargado.
2020-01-20 12:01:34.447709: ítem registrado: Asaltan y dan una paliza a un cura de La Plata que fue bendecido por el Papa Francisco
2020-01-20 12:01:34.489425: ítem registrado: Mercedes Ninci defendió la doma de caballos y criticó a Nicole Neumann
2020-01-20 12:01:34.547929: ítem registrado: Super Bowl 2020: un hombre abrió fuego en medio de los festejos de la victoria de los Kansas Chiefs y mató al menos a dos personas
2020-01-20 12:01:34.597949: ítem registrado: Otro más para Van Gogh: confirman que un autorretrato es de su autoría
2020-01-20 12:01:34.639778: ítem registrado: El abogado de los diez rugbiers negó un pacto de silencio y no descartó que declaren
2020-01-20 12:01:34.723453: ítem registrado: Para Estados Unidos, hubo una campaña de trolls rusos dirigida a alimentar las protestas en América Latina
2020-01-20 12:01:34.765194: ítem registrado: Cerca de los 90, Omara Portuondo no piensa dejar de cantar
2020-01-20 12:01:34.798622: ítem registrado: Crimen de Villa Gesell: "Pablo no estaba ahí cuando mataron al chico, mi hijo está detenido por un ajuste de cuentas"
2020-01-20 12:01:34.840385: ítem registrado: Habló el hermano de uno de los detenidos por el crimen de Villa Gesell: "Capaz que le pegaron pero no se dieron cuenta de que lo habían matado"
2020-01-20 12:01:34.932319: ítem registrado: Abrieron un improvisado hospital para salvar a los koalas de los incendios
2020-01-20 12:01:34.932475: procesando feed: Clarín - Política - https://www.clarin.com/rss/politica/
2020-01-20 12:01:35.073455: feed descargado.
2020-01-20 12:01:35.115707: ítem registrado: Silvia Lospennato: "Hubiera querido que Macri nos ayudara a aprobar la ley del aborto"
2020-01-20 12:01:35.157459: ítem registrado: Relato Alberto: el Gobierno y una fuerte bajada de línea para ordenar la comunicación
2020-01-20 12:01:35.199194: ítem registrado: Designan al yerno de Agustín Rossi como vicepresidente del Banco Central
2020-01-20 12:01:35.241037: ítem registrado: Crisis en Chubut: ATE advierte que aceptar el congelamiento de salarios "sería un suicidio"
2020-01-20 12:01:35.291236: ítem registrado: Hay 30 diputados que no consiguieron los votos, pero igual ocupan una banca
2020-01-20 12:01:35.293484: ítem existente, abortando...
2020-01-20 12:01:35.293573: procesando feed: Clarín - Mundo - https://www.clarin.com/rss/mundo/
2020-01-20 12:01:35.415579: feed descargado.
2020-01-20 12:01:35.417310: ítem existente, abortando...
2020-01-20 12:01:35.417353: procesando feed: Clarín - Sociedad - https://www.clarin.com/rss/sociedad/
2020-01-20 12:01:35.526285: feed descargado.
2020-01-20 12:01:35.528132: ítem existente, abortando...
2020-01-20 12:01:35.528168: procesando feed: Clarín - Policiales - https://www.clarin.com/rss/policiales/
2020-01-20 12:01:35.636651: feed descargado.
2020-01-20 12:01:35.638151: ítem existente, abortando...
2020-01-20 12:01:35.638210: procesando feed: Clarín - Ciudades - https://www.clarin.com/rss/ciudades/
2020-01-20 12:01:35.780492: feed descargado.
2020-01-20 12:01:35.841163: ítem registrado: Golpe a la cocina porteña: demolieron la cantina La Viña del Abasto
2020-01-20 12:01:35.843023: ítem existente, abortando...
2020-01-20 12:01:35.843079: procesando feed: Clarín - Opinión - https://www.clarin.com/rss/opinion/
2020-01-20 12:01:35.997705: feed descargado.
2020-01-20 12:01:36.049647: ítem registrado: Elegir por sorteo
2020-01-20 12:01:36.091324: ítem registrado: Rosario, ¿la "Chicago argentina"?: cómo enfrentar mafia y narcotráfico
2020-01-20 12:01:36.158134: ítem registrado: La hazaña de Kubitschek y el ejemplo de Alfonsín
2020-01-20 12:01:36.199881: ítem registrado: ¿Causas por corrupción en suspenso?
2020-01-20 12:01:36.201780: ítem existente, abortando...
2020-01-20 12:01:36.202007: procesando feed: Clarín - Cartas al país - https://www.clarin.com/rss/cartas_al_pais/
2020-01-20 12:01:36.338768: feed descargado.
2020-01-20 12:01:36.338883: ítem con fecha vieja, abortando...
2020-01-20 12:01:36.338902: procesando feed: Clarín - Cultura - https://www.clarin.com/rss/cultura/
2020-01-20 12:01:36.463441: feed descargado.
2020-01-20 12:01:36.465058: ítem existente, abortando...
2020-01-20 12:01:36.465091: procesando feed: Clarín - Rural - https://www.clarin.com/rss/rural/
2020-01-20 12:01:41.580049: feed descargado.
2020-01-20 12:01:41.620401: ítem registrado: Recomiendan diversificar los mercados de exportación de carne
2020-01-20 12:01:41.662105: ítem registrado: En 2019 fue récord el ingreso de buques oceánicos a los puertos rosarinos
2020-01-20 12:01:41.703818: ítem registrado: Afirman que los biocombustibles permitieron sustituir importaciones por U$S 27.000 millones en 10 años
2020-01-20 12:01:41.765989: ítem registrado: El trigo marca el camino con precios disponibles excepcionales
2020-01-20 12:01:41.821149: ítem registrado: La siembra de la soja ya supera el 95% del área proyectada
2020-01-20 12:01:41.822837: ítem existente, abortando...
2020-01-20 12:01:41.822934: procesando feed: Clarín - Economia - https://www.clarin.com/rss/economia/
2020-01-20 12:01:41.956157: feed descargado.
2020-01-20 12:01:42.004308: ítem registrado: Dólar turista hoy: cuál es la cotización este lunes 20 de enero
2020-01-20 12:01:42.045934: ítem registrado: Dólar blue hoy: a cuánto cotiza este lunes 20 de enero
2020-01-20 12:01:42.088038: ítem registrado: Vence el plazo para que acreedores bonaerenses acepten postergación de pago de capital.
2020-01-20 12:01:42.090163: ítem existente, abortando...
2020-01-20 12:01:42.090231: procesando feed: Clarín - Tecnologia - https://www.clarin.com/rss/tecnologia/
2020-01-20 12:01:42.205221: feed descargado.
2020-01-20 12:01:42.206838: ítem existente, abortando...
2020-01-20 12:01:42.206872: procesando feed: Clarín - Revista Ñ - https://www.clarin.com/rss/revista-enie/
2020-01-20 12:01:42.317032: feed descargado.
2020-01-20 12:01:42.317171: ítem con fecha vieja, abortando...
2020-01-20 12:01:42.317191: procesando feed: Clarín - Viva - https://www.clarin.com/rss/viva/
2020-01-20 12:01:42.466792: feed descargado.
2020-01-20 12:01:42.468454: ítem existente, abortando...
2020-01-20 12:01:42.468489: procesando feed: Clarín - Clarín em Portugués - https://www.clarin.com/rss/br/
2020-01-20 12:01:42.592166: feed descargado.
2020-01-20 12:01:42.592284: ítem con fecha vieja, abortando...
2020-01-20 12:01:42.592308: procesando feed: Clarín - Fútbol - https://www.clarin.com/rss/deportes/futbol/
2020-01-20 12:01:42.699205: feed descargado.
2020-01-20 12:01:42.699320: ítem con fecha vieja, abortando...
2020-01-20 12:01:42.699340: procesando feed: Clarín - Ascenso - https://www.clarin.com/rss/deportes/ascenso/
2020-01-20 12:01:42.829648: feed descargado.
2020-01-20 12:01:42.829767: ítem con fecha vieja, abortando...
2020-01-20 12:01:42.829786: procesando feed: Clarín - Fútbol Internacional - https://www.clarin.com/rss/deportes/futbol-internacional/
2020-01-20 12:01:42.946710: feed descargado.
2020-01-20 12:01:42.946825: ítem con fecha vieja, abortando...
2020-01-20 12:01:42.946845: procesando feed: Clarín - Messi - https://www.clarin.com/rss/deportes/messi/
2020-01-20 12:01:43.065954: feed descargado.
2020-01-20 12:01:43.066058: ítem con fecha vieja, abortando...
2020-01-20 12:01:43.066081: procesando feed: Clarín - Rugby - https://www.clarin.com/rss/deportes/rugby/
2020-01-20 12:01:43.181732: feed descargado.
2020-01-20 12:01:43.181848: ítem con fecha vieja, abortando...
2020-01-20 12:01:43.181867: procesando feed: Clarín - Tenis - https://www.clarin.com/rss/deportes/tenis/
2020-01-20 12:01:43.355687: feed descargado.
2020-01-20 12:01:43.355952: ítem con fecha vieja, abortando...
2020-01-20 12:01:43.355980: procesando feed: Clarín - Automovilismo - https://www.clarin.com/rss/deportes/automovilismo/
2020-01-20 12:01:43.735096: feed descargado.
2020-01-20 12:01:43.735211: ítem con fecha vieja, abortando...
2020-01-20 12:01:43.735230: procesando feed: Clarín - Básquet - https://www.clarin.com/rss/deportes/basquet/
2020-01-20 12:01:43.899485: feed descargado.
2020-01-20 12:01:43.899605: ítem con fecha vieja, abortando...
2020-01-20 12:01:43.899625: procesando feed: Clarín - Polideportivo - https://www.clarin.com/rss/deportes/polideportivo/
2020-01-20 12:01:44.015643: feed descargado.
2020-01-20 12:01:44.015753: ítem con fecha vieja, abortando...
2020-01-20 12:01:44.015773: procesando feed: Clarín - Turf - https://www.clarin.com/rss/deportes/turf/
2020-01-20 12:01:49.160040: feed descargado.
2020-01-20 12:01:49.160280: ítem con fecha vieja, abortando...
2020-01-20 12:01:49.160322: procesando feed: Clarín - Boxeo - https://www.clarin.com/rss/deportes/boxeo/
2020-01-20 12:01:49.346029: feed descargado.
2020-01-20 12:01:49.346137: ítem con fecha vieja, abortando...
2020-01-20 12:01:49.346155: procesando feed: Clarín - Hockey - https://www.clarin.com/rss/deportes/hockey/
2020-01-20 12:01:49.456284: feed descargado.
2020-01-20 12:01:49.456387: ítem con fecha vieja, abortando...
2020-01-20 12:01:49.456412: procesando feed: Clarín - Deportes - https://www.clarin.com/rss/deportes/
2020-01-20 12:01:49.560900: feed descargado.
2020-01-20 12:01:49.562522: ítem existente, abortando...
2020-01-20 12:01:49.562554: procesando feed: Clarín - Fama - https://www.clarin.com/rss/espectaculos/fama/
2020-01-20 12:01:54.675977: feed descargado.
2020-01-20 12:01:54.676102: ítem con fecha vieja, abortando...
2020-01-20 12:01:54.676121: procesando feed: Clarín - TV - https://www.clarin.com/rss/espectaculos/tv/
2020-01-20 12:01:54.799533: feed descargado.
2020-01-20 12:01:54.849796: ítem registrado: Se suman títulos potentes a HBO Max: Aquaman y una precuela de Game of Thrones
2020-01-20 12:01:54.851685: ítem existente, abortando...
2020-01-20 12:01:54.851746: procesando feed: Clarín - Cine - https://www.clarin.com/rss/espectaculos/cine/
2020-01-20 12:01:54.964327: feed descargado.
2020-01-20 12:01:55.007856: ítem registrado: El robo del siglo ganó por afano
2020-01-20 12:01:55.009582: ítem existente, abortando...
2020-01-20 12:01:55.009635: procesando feed: Clarín - Música - https://www.clarin.com/rss/espectaculos/musica/
2020-01-20 12:01:55.135981: feed descargado.
2020-01-20 12:01:55.137629: ítem existente, abortando...
2020-01-20 12:01:55.137663: procesando feed: Clarín - Teatro - https://www.clarin.com/rss/espectaculos/teatro/
2020-01-20 12:01:55.247619: feed descargado.
2020-01-20 12:01:55.247726: ítem con fecha vieja, abortando...
2020-01-20 12:01:55.247745: procesando feed: Clarín - S! - https://www.clarin.com/rss/si/
2020-01-20 12:01:55.371618: feed descargado.
2020-01-20 12:01:55.371734: ítem con fecha vieja, abortando...
2020-01-20 12:01:55.371754: procesando feed: Clarín - Espectaculos - https://www.clarin.com/rss/espectaculos/
2020-01-20 12:01:55.507715: feed descargado.
2020-01-20 12:01:55.508312: ítem existente, abortando...
2020-01-20 12:01:55.508344: procesando feed: Clarín - Entremujeres - https://www.clarin.com/rss/entremujeres/
2020-01-20 12:01:55.629439: feed descargado.
2020-01-20 12:01:55.670342: ítem registrado: "El berrinche es absolutamente válido (y hasta necesario)"
2020-01-20 12:01:55.720681: ítem registrado: Horóscopo semanal: predicciones del 20 al 26 de enero para todos los signos
2020-01-20 12:01:55.722420: ítem existente, abortando...
2020-01-20 12:01:55.722476: procesando feed: Clarín - Autos - https://www.clarin.com/rss/autos/
2020-01-20 12:01:55.852775: feed descargado.
2020-01-20 12:01:55.852969: ítem con fecha vieja, abortando...
2020-01-20 12:01:55.853003: procesando feed: Clarín - Buena Vida - https://www.clarin.com/rss/buena-vida/
2020-01-20 12:01:55.961029: feed descargado.
2020-01-20 12:01:55.961133: ítem con fecha vieja, abortando...
2020-01-20 12:01:55.961153: procesando feed: Clarín - Viajes - https://www.clarin.com/rss/viajes/
2020-01-20 12:01:56.092333: feed descargado.
2020-01-20 12:01:56.131502: ítem registrado: Los espectaculares paisajes del Parque Patagonia
2020-01-20 12:01:56.133052: ítem existente, abortando...
2020-01-20 12:01:56.133111: procesando feed: Clarín - ARQ - https://www.clarin.com/rss/arq/
2020-01-20 12:01:56.260362: feed descargado.
2020-01-20 12:01:56.260473: ítem con fecha vieja, abortando...
2020-01-20 12:01:56.260493: procesando feed: Télam - Últimas Noticias - https://www.telam.com.ar/rss2/ultimasnoticias.xml
2020-01-20 12:01:56.553320: feed descargado.
2020-01-20 12:01:56.692702: ítem registrado: Despidieron los restos del joven asesinado a golpes en Villa Gesell y piden justicia por el crimen
2020-01-20 12:01:56.734733: ítem registrado: Reincorporaron a los trabajadores del INTI despedidos hace dos años
2020-01-20 12:01:56.776656: ítem registrado: Declaró durante 45 minutos el último detenido y negó su participación en el crimen de Villa Gesell
2020-01-20 12:01:56.778580: ítem existente, abortando...
2020-01-20 12:01:56.778636: procesando feed: Télam - Política - https://www.telam.com.ar/rss2/politica.xml
2020-01-20 12:01:57.927833: feed descargado.
2020-01-20 12:01:57.929758: ítem existente, abortando...
2020-01-20 12:01:57.929799: procesando feed: Télam - Economía - https://www.telam.com.ar/rss2/economia.xml
2020-01-20 12:01:58.084129: feed descargado.
2020-01-20 12:01:58.132297: ítem registrado: Optimismo de supermercadistas y autoservicios con Precios Cuidados y Tarjeta AlimentAR
2020-01-20 12:01:58.190964: ítem registrado: Designan a un nuevo vicepresidente del Banco Central y a cuatro directores
2020-01-20 12:01:58.193009: ítem existente, abortando...
2020-01-20 12:01:58.193076: procesando feed: Télam - Sociedad - https://www.telam.com.ar/rss2/sociedad.xml
2020-01-20 12:01:58.317953: feed descargado.
2020-01-20 12:01:58.358059: ítem registrado: Alertas por tormentas fuertes en el centro, oeste y litoral del país
2020-01-20 12:01:58.408487: ítem registrado: El Vaticano y las tecnológicas firmarán una "carta ética" sobre inteligencia artificial
2020-01-20 12:01:58.450254: ítem registrado: Lunes caluroso con posibles tormentas hacia la tarde en la ciudad de Buenos Aires y alrededores
2020-01-20 12:01:58.452116: ítem existente, abortando...
2020-01-20 12:01:58.452193: procesando feed: Télam - Deportes - https://www.telam.com.ar/rss2/deportes.xml
2020-01-20 12:01:58.588911: feed descargado.
2020-01-20 12:01:58.659497: ítem registrado: Perdió Londero y suspendió por la lluvia Trungelliti en el Abierto de Australia
2020-01-20 12:01:58.744652: ítem registrado: El arquero Sergio Romero chocó con su auto en Manchester y salió ileso
2020-01-20 12:01:58.794733: ítem registrado: Boca le ganó a Paranaense con dos goles de Zárate, el "nueve" preferido de Russo
2020-01-20 12:01:58.836715: ítem registrado: "Este triunfo pone a River de la mejor manera para lo que viene en la Superliga", avisó DT Gallardo
2020-01-20 12:01:58.838621: ítem existente, abortando...
2020-01-20 12:01:58.838683: procesando feed: Télam - Policiales - https://www.telam.com.ar/rss2/policiales.xml
2020-01-20 12:01:58.980958: feed descargado.
2020-01-20 12:01:58.982697: ítem existente, abortando...
2020-01-20 12:01:58.982731: procesando feed: Télam - Internacional - https://www.telam.com.ar/rss2/internacional.xml
2020-01-20 12:01:59.133843: feed descargado.
2020-01-20 12:01:59.187885: ítem registrado: Francisco pidió "condenar firmemente toda forma de antisemitismo"
2020-01-20 12:01:59.246355: ítem registrado: Salvini y el movimiento de las "sardinas" se cruzan antes de las regionales clave de Emilia-Romaña
2020-01-20 12:01:59.248097: ítem existente, abortando...
2020-01-20 12:01:59.248153: procesando feed: Télam - Latinoamérica - https://www.telam.com.ar/rss2/latinoamerica.xml
2020-01-20 12:01:59.370678: feed descargado.
2020-01-20 12:01:59.422055: ítem registrado: Con críticas del chavismo, Duque y Guaidó mantuvieron su primera reunión de trabajo en Bogotá
2020-01-20 12:01:59.472304: ítem registrado: Ciudad Juárez: asesinaron a una activista femenina
2020-01-20 12:01:59.514086: ítem registrado: La izquierda picó en punta y anunció su candidato presidencial: Jorge Robledo
2020-01-20 12:01:59.515852: ítem existente, abortando...
2020-01-20 12:01:59.515908: procesando feed: Télam - Cono Sur - https://www.telam.com.ar/rss2/conosur.xml
2020-01-20 12:01:59.633193: feed descargado.
2020-01-20 12:01:59.689632: ítem registrado: Arce, el arquitecto del resurgimiento económico que busca sumar los votos de clase media
2020-01-20 12:01:59.691414: ítem existente, abortando...
2020-01-20 12:01:59.691470: procesando feed: Télam - Provincias - https://www.telam.com.ar/rss2/provincias.xml
2020-01-20 12:01:59.808727: feed descargado.
2020-01-20 12:01:59.808827: ítem con fecha vieja, abortando...
2020-01-20 12:01:59.808846: procesando feed: Télam - Agropecuario - https://www.telam.com.ar/rss2/agropecuario.xml
2020-01-20 12:02:00.071720: feed descargado.
2020-01-20 12:02:00.071839: ítem con fecha vieja, abortando...
2020-01-20 12:02:00.071859: procesando feed: Télam - Tecnología - https://www.telam.com.ar/rss2/tecnologia.xml
2020-01-20 12:02:00.215933: feed descargado.
2020-01-20 12:02:00.216049: ítem con fecha vieja, abortando...
2020-01-20 12:02:00.216103: procesando feed: Télam - Cultura - https://www.telam.com.ar/rss2/cultura.xml
2020-01-20 12:02:00.346886: feed descargado.
2020-01-20 12:02:00.348620: ítem existente, abortando...
2020-01-20 12:02:00.348654: procesando feed: Télam - Espectáculos - https://www.telam.com.ar/rss2/espectaculos.xml
2020-01-20 12:02:00.468984: feed descargado.
2020-01-20 12:02:00.524956: ítem registrado: "El robo del siglo" quedó entre los cinco filmes argentinos de mejor arranque
2020-01-20 12:02:00.583575: ítem registrado: "Parasite" ganó el premio mayor del Sindicato de Actores de Hollywood
2020-01-20 12:02:00.633831: ítem registrado: Hoy cumpliría cien años el gran Federico Fellini
2020-01-20 12:02:00.635772: ítem existente, abortando...
2020-01-20 12:02:00.635830: procesando feed: Télam - Turismo - https://www.telam.com.ar/rss2/turismo.xml
2020-01-20 12:02:00.765649: feed descargado.
2020-01-20 12:02:00.765867: ítem con fecha vieja, abortando...
2020-01-20 12:02:00.765887: procesando feed: Télam - Salud - https://www.telam.com.ar/rss2/salud.xml
2020-01-20 12:02:00.900615: feed descargado.
2020-01-20 12:02:00.900721: ítem con fecha vieja, abortando...
2020-01-20 12:02:00.900740: procesando feed: Télam - Educación - https://www.telam.com.ar/rss2/educacion.xml
2020-01-20 12:02:00.989721: feed descargado.
2020-01-20 12:02:00.989900: ítem con fecha vieja, abortando...
2020-01-20 12:02:00.989936: procesando feed: Télam - Redes - https://www.telam.com.ar/rss2/redes.xml
2020-01-20 12:02:01.268596: feed descargado.
2020-01-20 12:02:01.268709: ítem con fecha vieja, abortando...
2020-01-20 12:02:01.268729: procesando feed: La Nación - Ultimas Noticias - http://contenidos.lanacion.com.ar/herramientas/rss/origen=2
2020-01-20 12:02:01.891443: feed descargado.
2020-01-20 12:02:01.891538: error al procesar feed: object has no attribute 'published_parsed'
2020-01-20 12:02:01.891559: procesando feed: La Nación - Títulos ed. impresa - http://contenidos.lanacion.com.ar/herramientas/rss/origen=1
2020-01-20 12:02:02.312290: feed descargado.
2020-01-20 12:02:02.312396: error al procesar feed: object has no attribute 'published_parsed'
2020-01-20 12:02:02.312416: procesando feed: La Nación - Política - http://contenidos.lanacion.com.ar/herramientas/rss/categoria_id=30
2020-01-20 12:02:02.607819: feed descargado.
2020-01-20 12:02:02.607921: error al procesar feed: object has no attribute 'published_parsed'
2020-01-20 12:02:02.607960: procesando feed: La Nación - Economía - http://contenidos.lanacion.com.ar/herramientas/rss/categoria_id=272
2020-01-20 12:02:02.886300: feed descargado.
2020-01-20 12:02:02.886397: error al procesar feed: object has no attribute 'published_parsed'
2020-01-20 12:02:02.886417: procesando feed: La Nación - Deportes - http://contenidos.lanacion.com.ar/herramientas/rss/categoria_id=131
2020-01-20 12:02:03.166907: feed descargado.
2020-01-20 12:02:03.167130: error al procesar feed: object has no attribute 'published_parsed'
2020-01-20 12:02:03.167154: procesando feed: La Nación - Sociedad - http://contenidos.lanacion.com.ar/herramientas/rss/categoria_id=7773
2020-01-20 12:02:03.690732: feed descargado.
2020-01-20 12:02:03.690826: error al procesar feed: object has no attribute 'published_parsed'
2020-01-20 12:02:03.690847: procesando feed: La Nación - Opinión - http://contenidos.lanacion.com.ar/herramientas/rss/categoria_id=28
2020-01-20 12:02:04.235746: feed descargado.
2020-01-20 12:02:04.235849: error al procesar feed: object has no attribute 'published_parsed'
2020-01-20 12:02:04.235874: procesando feed: La Nación - Espectáculos - http://contenidos.lanacion.com.ar/herramientas/rss/categoria_id=120
2020-01-20 12:02:04.716008: feed descargado.
2020-01-20 12:02:04.716142: error al procesar feed: object has no attribute 'published_parsed'
2020-01-20 12:02:04.716164: procesando feed: La Nación - El Mundo - http://contenidos.lanacion.com.ar/herramientas/rss/categoria_id=7
2020-01-20 12:02:04.956681: feed descargado.
2020-01-20 12:02:04.956779: error al procesar feed: object has no attribute 'published_parsed'
2020-01-20 12:02:04.956800: procesando feed: La Nación - Revista LA NACION - http://contenidos.lanacion.com.ar/herramientas/rss/categoria_id=494
2020-01-20 12:02:05.410971: feed descargado.
2020-01-20 12:02:05.411066: error al procesar feed: object has no attribute 'published_parsed'
2020-01-20 12:02:05.411086: procesando feed: La Nación - Suplemento Enfoques - http://contenidos.lanacion.com.ar/herramientas/rss/categoria_id=421
2020-01-20 12:02:05.982776: feed descargado.
2020-01-20 12:02:05.982880: error al procesar feed: object has no attribute 'published_parsed'
2020-01-20 12:02:05.982902: procesando feed: La Nación - Suplemento Comercio Exterior - http://contenidos.lanacion.com.ar/herramientas/rss/categoria_id=347
2020-01-20 12:02:06.539769: feed descargado.
2020-01-20 12:02:06.539868: error al procesar feed: object has no attribute 'published_parsed'
2020-01-20 12:02:06.539893: procesando feed: La Nación - Suplemento Tecnología - http://contenidos.lanacion.com.ar/herramientas/rss/categoria_id=432
2020-01-20 12:02:06.900551: feed descargado.
2020-01-20 12:02:06.900658: error al procesar feed: object has no attribute 'published_parsed'
2020-01-20 12:02:06.900679: procesando feed: La Nación - Suplemento Turismo - http://contenidos.lanacion.com.ar/herramientas/rss/categoria_id=504
2020-01-20 12:02:07.270422: feed descargado.
2020-01-20 12:02:07.270534: error al procesar feed: object has no attribute 'published_parsed'
2020-01-20 12:02:07.270555: procesando feed: La Nación - Suplemento Al volante - http://contenidos.lanacion.com.ar/herramientas/rss/categoria_id=371
2020-01-20 12:02:07.634644: feed descargado.
2020-01-20 12:02:07.634736: error al procesar feed: object has no attribute 'published_parsed'
2020-01-20 12:02:07.634756: procesando feed: La Nación - Suplemento El Campo - http://contenidos.lanacion.com.ar/herramientas/rss/categoria_id=337
2020-01-20 12:02:07.977225: feed descargado.
2020-01-20 12:02:07.977325: error al procesar feed: object has no attribute 'published_parsed'
2020-01-20 12:02:07.977347: procesando feed: La Nación - Suplemento Moda y Belleza - http://contenidos.lanacion.com.ar/herramientas/rss/categoria_id=1312
2020-01-20 12:02:08.448113: feed descargado.
2020-01-20 12:02:08.448209: error al procesar feed: object has no attribute 'published_parsed'
2020-01-20 12:02:08.448248: procesando feed: La Nación - Suplemento Inmuebles Comerciales - http://contenidos.lanacion.com.ar/herramientas/rss/categoria_id=1363
2020-01-20 12:02:08.751160: feed descargado.
2020-01-20 12:02:08.751253: error al procesar feed: object has no attribute 'published_parsed'
2020-01-20 12:02:08.751273: procesando feed: La Nación - Suplemento Countries - http://contenidos.lanacion.com.ar/herramientas/rss/categoria_id=1348
2020-01-20 12:02:09.005008: feed descargado.
2020-01-20 12:02:09.005101: procesando feed: La Nación - Suplemento Comunidad - http://contenidos.lanacion.com.ar/herramientas/rss/categoria_id=1344
2020-01-20 12:02:09.520646: feed descargado.
2020-01-20 12:02:09.520750: error al procesar feed: object has no attribute 'published_parsed'
2020-01-20 12:02:09.520771: procesando feed: La Nación - adnCultura - http://contenidos.lanacion.com.ar/herramientas/rss/categoria_id=6734
2020-01-20 12:02:10.044311: feed descargado.
2020-01-20 12:02:10.044411: error al procesar feed: object has no attribute 'published_parsed'
2020-01-20 12:02:10.044432: procesando feed: La Nación - The Wall Street Journal Americas - http://contenidos.lanacion.com.ar/herramientas/rss/categoria_id=6373
2020-01-20 12:02:10.566011: feed descargado.
2020-01-20 12:02:10.566107: error al procesar feed: object has no attribute 'published_parsed'
2020-01-20 12:02:10.566128: procesando feed: Página 12 - Portada - https://www.pagina12.com.ar/rss/portada
2020-01-20 12:02:10.969144: feed descargado.
2020-01-20 12:02:11.019133: ítem registrado: La autopsia confirmó que Báez Sosa murió por un golpe en la cabeza
2020-01-20 12:02:11.020453: ítem existente, abortando...
2020-01-20 12:02:11.020502: procesando feed: Página 12 - Edición impresa - https://www.pagina12.com.ar/rss/edicion-impresa
2020-01-20 12:02:11.323613: feed descargado.
2020-01-20 12:02:11.323721: error al procesar feed: object has no attribute 'published_parsed'
2020-01-20 12:02:11.323742: procesando feed: Página 12 - Espectáculos - https://www.pagina12.com.ar/rss/suplementos/cultura-y-espectaculos/notas
2020-01-20 12:02:11.577351: feed descargado.
2020-01-20 12:02:11.577438: error al procesar feed: object has no attribute 'published_parsed'
2020-01-20 12:02:11.577458: procesando feed: Página 12 - Rosario 12 - https://www.pagina12.com.ar/rss/suplementos/rosario12/notas
2020-01-20 12:02:11.878276: feed descargado.
2020-01-20 12:02:11.878420: error al procesar feed: object has no attribute 'published_parsed'
2020-01-20 12:02:11.878458: procesando feed: Página 12 - El País - https://www.pagina12.com.ar/rss/secciones/el-pais/notas
2020-01-20 12:02:12.165299: feed descargado.
2020-01-20 12:02:12.165391: error al procesar feed: object has no attribute 'published_parsed'
2020-01-20 12:02:12.165411: procesando feed: Página 12 - Economía - https://www.pagina12.com.ar/rss/secciones/economia/notas
2020-01-20 12:02:12.441626: feed descargado.
2020-01-20 12:02:12.441717: error al procesar feed: object has no attribute 'published_parsed'
2020-01-20 12:02:12.441737: procesando feed: Página 12 - Sociedad  - https://www.pagina12.com.ar/rss/secciones/sociedad/notas
2020-01-20 12:02:12.714943: feed descargado.
2020-01-20 12:02:12.715025: error al procesar feed: object has no attribute 'published_parsed'
2020-01-20 12:02:12.715046: procesando feed: Página 12 - El Mundo  - https://www.pagina12.com.ar/rss/secciones/el-mundo/notas
2020-01-20 12:02:13.004867: feed descargado.
2020-01-20 12:02:13.004963: error al procesar feed: object has no attribute 'published_parsed'
2020-01-20 12:02:13.004984: procesando feed: Página 12 - Deportes - https://www.pagina12.com.ar/rss/secciones/deportes/notas
2020-01-20 12:02:13.279620: feed descargado.
2020-01-20 12:02:13.279720: error al procesar feed: object has no attribute 'published_parsed'
2020-01-20 12:02:13.279740: procesando feed: Página 12 - Cultura - https://www.pagina12.com.ar/rss/secciones/cultura/notas
2020-01-20 12:02:13.535820: feed descargado.
2020-01-20 12:02:13.535960: error al procesar feed: object has no attribute 'published_parsed'
2020-01-20 12:02:13.535985: procesando feed: Página 12 - Universidad - https://www.pagina12.com.ar/rss/secciones/universidad/notas
2020-01-20 12:02:13.810195: feed descargado.
2020-01-20 12:02:13.810291: procesando feed: Página 12 - Ciencia - https://www.pagina12.com.ar/rss/secciones/ciencia/notas
2020-01-20 12:02:14.122657: feed descargado.
2020-01-20 12:02:14.122748: error al procesar feed: object has no attribute 'published_parsed'
2020-01-20 12:02:14.122767: procesando feed: Página 12 - Psicología - https://www.pagina12.com.ar/rss/secciones/psicologia/notas
2020-01-20 12:02:14.485828: feed descargado.
2020-01-20 12:02:14.485907: error al procesar feed: object has no attribute 'published_parsed'
2020-01-20 12:02:14.485927: procesando feed: Página 12 - Ajedrez - https://www.pagina12.com.ar/rss/secciones/ajedrez/notas
2020-01-20 12:02:14.757328: feed descargado.
2020-01-20 12:02:14.757412: error al procesar feed: object has no attribute 'published_parsed'
2020-01-20 12:02:14.757435: procesando feed: Página 12 - La Ventana - https://www.pagina12.com.ar/rss/secciones/la-ventana/notas
2020-01-20 12:02:15.067010: feed descargado.
2020-01-20 12:02:15.067097: error al procesar feed: object has no attribute 'published_parsed'
2020-01-20 12:02:15.067117: procesando feed: Página 12 - Diálogos - https://www.pagina12.com.ar/rss/secciones/dialogos/notas
2020-01-20 12:02:15.335532: feed descargado.
2020-01-20 12:02:15.335631: error al procesar feed: object has no attribute 'published_parsed'
2020-01-20 12:02:15.335652: procesando feed: Página 12 - Hoy - https://www.pagina12.com.ar/rss/secciones/hoy/notas
2020-01-20 12:02:15.607345: feed descargado.
2020-01-20 12:02:15.607422: procesando feed: Página 12 - Plástica - https://www.pagina12.com.ar/rss/secciones/plastica/notas
2020-01-20 12:02:15.914502: feed descargado.
2020-01-20 12:02:15.914594: error al procesar feed: object has no attribute 'published_parsed'
2020-01-20 12:02:15.914615: procesando feed: Página 12 - Cartas de Lectores - https://www.pagina12.com.ar/rss/secciones/cartas-de-lectores/notas
2020-01-20 12:02:16.422250: feed descargado.
2020-01-20 12:02:16.422396: error al procesar feed: object has no attribute 'published_parsed'
2020-01-20 12:02:16.422433: procesando feed: Página 12 - Cash - https://www.pagina12.com.ar/rss/suplementos/cash/notas
2020-01-20 12:02:16.747046: feed descargado.
2020-01-20 12:02:16.747185: error al procesar feed: object has no attribute 'published_parsed'
2020-01-20 12:02:16.747227: procesando feed: Página 12 - Las 12 - https://www.pagina12.com.ar/rss/suplementos/las12/notas
2020-01-20 12:02:17.030967: feed descargado.
2020-01-20 12:02:17.031060: error al procesar feed: object has no attribute 'published_parsed'
2020-01-20 12:02:17.031081: procesando feed: Página 12 - Líbero - https://www.pagina12.com.ar/rss/suplementos/libero/notas
2020-01-20 12:02:17.283149: feed descargado.
2020-01-20 12:02:17.283300: error al procesar feed: object has no attribute 'published_parsed'
2020-01-20 12:02:17.283338: procesando feed: Página 12 - M2 - https://www.pagina12.com.ar/rss/suplementos/m2/notas
2020-01-20 12:02:17.535933: feed descargado.
2020-01-20 12:02:17.536177: error al procesar feed: object has no attribute 'published_parsed'
2020-01-20 12:02:17.536201: procesando feed: Página 12 - NO - https://www.pagina12.com.ar/rss/suplementos/no/notas
2020-01-20 12:02:17.794726: feed descargado.
2020-01-20 12:02:17.794868: error al procesar feed: object has no attribute 'published_parsed'
2020-01-20 12:02:17.794906: procesando feed: Página 12 - Radar - https://www.pagina12.com.ar/rss/suplementos/radar/notas
2020-01-20 12:02:18.064125: feed descargado.
2020-01-20 12:02:18.064219: error al procesar feed: object has no attribute 'published_parsed'
2020-01-20 12:02:18.064243: procesando feed: Página 12 - Radar Libros - https://www.pagina12.com.ar/rss/suplementos/radar-libros/notas
2020-01-20 12:02:18.326860: feed descargado.
2020-01-20 12:02:18.326989: error al procesar feed: object has no attribute 'published_parsed'
2020-01-20 12:02:18.327026: procesando feed: Página 12 - Sátira 12 - https://www.pagina12.com.ar/rss/suplementos/satira12/notas
2020-01-20 12:02:18.607162: feed descargado.
2020-01-20 12:02:18.607303: error al procesar feed: object has no attribute 'published_parsed'
2020-01-20 12:02:18.607340: procesando feed: Página 12 - Soy - https://www.pagina12.com.ar/rss/suplementos/soy/notas
2020-01-20 12:02:18.877760: feed descargado.
2020-01-20 12:02:18.877893: error al procesar feed: object has no attribute 'published_parsed'
2020-01-20 12:02:18.877930: procesando feed: Página 12 - Turismo - https://www.pagina12.com.ar/rss/suplementos/turismo/notas
2020-01-20 12:02:24.172658: feed descargado.
2020-01-20 12:02:24.172765: error al procesar feed: object has no attribute 'published_parsed'
2020-01-20 12:02:24.172786: procesando feed: Perfil - Último Momento - http://www.perfil.com/rss/ultimomomento.xml
2020-01-20 12:02:27.784502: feed descargado.
2020-01-20 12:02:27.841595: ítem registrado: Caso Fernando | Declara el detenido N°11: cuál es la coartada del acusado
2020-01-20 12:02:27.883209: ítem registrado: El Banco Central vende dólares por primera vez desde las elecciones
2020-01-20 12:02:27.933326: ítem registrado: Spotify analiza adquisición de Ringer en iniciativa deportiva
2020-01-20 12:02:27.975106: ítem registrado: Google: Coordinar normas de IA entre Europa y EEUU es esencial
2020-01-20 12:02:28.025275: ítem registrado: FMI recorta perspectivas económicas mundiales, modera riesgo
2020-01-20 12:02:28.067318: ítem registrado: Despiden en Chacarita al joven asesinado por rugbiers en Villa Gesell
2020-01-20 12:02:28.109389: ítem registrado: Polémica con la Unión Argentina de Rugby al hablar de "fallecimiento" en el caso Fernando y no de un asesinato
2020-01-20 12:02:28.151345: ítem registrado: Chile: fuerte comienzo de 2020 para emisiones en USD
2020-01-20 12:02:28.193450: ítem registrado: Bolsonaro firma presupuesto 2020 de Brasil sin cambios
2020-01-20 12:02:28.235346: ítem registrado: Ford, LG, entre empresas más preparadas para el cambio climático
2020-01-20 12:02:28.277383: ítem registrado: Vaca Muerta: expectativa ante el primer conflicto sindical que enfrenta el Gobierno
2020-01-20 12:02:28.336263: ítem registrado: "Temas de revisionismo histórico", Clases Magistrales de Pacho O’Donnell
2020-01-20 12:02:28.378223: ítem registrado: Así es el túnel que usaron los presos para escapar de la cárcel de Paraguay
2020-01-20 12:02:28.420297: ítem registrado: Lagomarsino sobre la acusación de la Justicia por la muerte de Nisman: "A mi me cagaron la vida ¿Qué gané yo?"
2020-01-20 12:02:28.462316: ítem registrado: China, el mayor productor mundial de plástico, limitará su uso
2020-01-20 12:02:28.504361: ítem registrado: Vestas da un paso radical hacia residuos de turbinas cero
2020-01-20 12:02:28.546395: ítem registrado: Villa Gesell: Los rugbiers involucrados en la muerte de Fernando se negaron a declarar
2020-01-20 12:02:28.639050: ítem registrado: Chevron recibe una nueva exención para operar en Venezuela
2020-01-20 12:02:28.697939: ítem registrado: La Tarjeta AlimentAR llega al conurbano bonaerense: cómo funciona y a quiénes beneficia
2020-01-20 12:02:28.739966: ítem registrado: Venezuela: Guaidó sale del país para gira internacional
2020-01-20 12:02:28.782063: ítem registrado: La CFO de Huawei se prepara para audiencias de extradición
2020-01-20 12:02:28.824120: ítem registrado: Disney abandona la marca Fox en nuevas producciones del estudio
2020-01-20 12:02:28.874492: ítem registrado: Maduro hace llamamiento para conversaciones directas con EE.UU.
2020-01-20 12:02:28.916565: ítem registrado: Domingo Cavallo: "Alberto Fernández nunca aspiró a ser un gran líder político, era un operador muy eficaz"
2020-01-20 12:02:28.966992: ítem registrado: Domingo Cavallo: "Si no se soluciona la estanflación, existe el peligro de una hiperinflación"
2020-01-20 12:02:29.050998: ítem registrado: Domingo Cavallo: "Los políticos deben advertir que el conocimiento no alcanza para resolver problemas"
2020-01-20 12:02:29.135055: ítem registrado: En un gesto sin precedentes, "New York Times" apoya a dos candidatas demócratras
2020-01-20 12:02:29.177035: ítem registrado: Nicolas Dujovne cambió Punta del Este por los Alpes franceses
2020-01-20 12:02:29.179206: ítem existente, abortando...
2020-01-20 12:02:29.179304: procesando feed: Perfil - Política - http://www.perfil.com/rss/politica.xml
2020-01-20 12:02:32.220965: feed descargado.
2020-01-20 12:02:32.222928: ítem existente, abortando...
2020-01-20 12:02:32.222974: procesando feed: Perfil - Policía - http://www.perfil.com/rss/policia.xml
2020-01-20 12:02:35.204054: feed descargado.
2020-01-20 12:02:35.206199: ítem existente, abortando...
2020-01-20 12:02:35.206251: procesando feed: Perfil - Internacionales - http://www.perfil.com/rss/internacional.xml
2020-01-20 12:02:38.483213: feed descargado.
2020-01-20 12:02:38.485081: ítem existente, abortando...
2020-01-20 12:02:38.485116: procesando feed: Perfil - Economía - http://www.perfil.com/rss/economia.xml
2020-01-20 12:02:42.054702: feed descargado.
2020-01-20 12:02:42.056820: ítem existente, abortando...
2020-01-20 12:02:42.056860: procesando feed: Perfil - Deportes - http://www.perfil.com/rss/deportes.xml
2020-01-20 12:02:45.063709: feed descargado.
2020-01-20 12:02:45.114376: ítem registrado: Crimen en Villa Gesell: repudio al comunicado de la UAR
2020-01-20 12:02:45.181019: ítem registrado: El video inédito de Agustín Obando "a lo Maradona"
2020-01-20 12:02:45.222803: ítem registrado: Sergio Romero sufrió un accidente en Inglaterra
2020-01-20 12:02:45.272823: ítem registrado: Doblete y figura: Mauro Zárate quiere ser titular en Boca
2020-01-20 12:02:45.274545: ítem existente, abortando...
2020-01-20 12:02:45.274601: procesando feed: Perfil - Opinión - http://www.perfil.com/rss/columnistas.xml
2020-01-20 12:02:48.610995: feed descargado.
2020-01-20 12:02:48.612777: ítem existente, abortando...
2020-01-20 12:02:48.612812: procesando feed: Perfil - Sociedad - http://www.perfil.com/rss/sociedad.xml
2020-01-20 12:02:53.109081: feed descargado.
2020-01-20 12:02:53.161243: ítem registrado: Calor y lluvias: cómo seguirá el tiempo este lunes y durante la semana
2020-01-20 12:02:53.203101: ítem registrado: Mara Gómez y el debate del deporte trans
2020-01-20 12:02:53.205581: ítem existente, abortando...
2020-01-20 12:02:53.205679: procesando feed: Perfil - Cultura - http://www.perfil.com/rss/cultura.xml
2020-01-20 12:02:55.764359: feed descargado.
2020-01-20 12:02:55.766169: ítem existente, abortando...
2020-01-20 12:02:55.766204: procesando feed: Perfil - Espectáculos - http://www.perfil.com/rss/espectaculos.xml
2020-01-20 12:02:59.585824: feed descargado.
2020-01-20 12:02:59.642146: ítem registrado: La impactante imagen de Luis Miguel que abrió un debate en las redes
2020-01-20 12:02:59.683835: ítem registrado: Wanda Nara generó polémica por el vestido que usó su hija en su cumpleaños
2020-01-20 12:02:59.733823: ítem registrado: El príncipe Harry rompió el silencio tras abandonar la realeza
2020-01-20 12:02:59.783821: ítem registrado: El excéntrico cumpleaños de Francesca, la hija de Wanda Nara y Mauro Icardi
2020-01-20 12:02:59.825671: ítem registrado: Chiquito Romero se accidentó en la ruta
2020-01-20 12:02:59.867394: ítem registrado: Jimena Barón habló sobre su romance con Daniel Osvaldo
2020-01-20 12:02:59.908957: ítem registrado: Pancho Dotto: "A Federico le faltó calle para manejar lo del cordero"
2020-01-20 12:02:59.950602: ítem registrado: Verónica Ojeda: "Quiero ser madre otra vez"
2020-01-20 12:02:59.952470: ítem existente, abortando...
2020-01-20 12:02:59.952531: procesando feed: Perfil - Ciencia - http://www.perfil.com/rss/ciencia.xml
2020-01-20 12:03:09.641611: feed descargado.
2020-01-20 12:03:09.644268: ítem existente, abortando...
2020-01-20 12:03:09.644371: procesando feed: Perfil - Salud - http://www.perfil.com/rss/salud.xml
2020-01-20 12:03:13.473428: feed descargado.
2020-01-20 12:03:13.473562: ítem con fecha vieja, abortando...
2020-01-20 12:03:13.473582: procesando feed: Perfil - Tecnología - http://www.perfil.com/rss/tecnologia.xml
2020-01-20 12:03:16.172341: feed descargado.
2020-01-20 12:03:16.172474: ítem con fecha vieja, abortando...
2020-01-20 12:03:16.172495: procesando feed: La Política Online - Últimas noticias - http://www.lapoliticaonline.com/files/rss/ultimasnoticias.xml
2020-01-20 12:03:16.705568: feed descargado.
2020-01-20 12:03:16.755987: ítem registrado: El FMI eleva la perspectiva de crecimiento de Brasil por las reformas pro mercado de Guedes
2020-01-20 12:03:16.797738: ítem registrado: Carrió se suma a la ofensiva de Macri contra el gobierno y pide el juicio político de Frederic
2020-01-20 12:03:16.799658: ítem existente, abortando...
2020-01-20 12:03:16.799718: procesando feed: La Política Online - Política - http://www.lapoliticaonline.com/files/rss/politica.xml
2020-01-20 12:03:17.056150: feed descargado.
2020-01-20 12:03:17.057929: ítem existente, abortando...
2020-01-20 12:03:17.057965: procesando feed: La Política Online - Economía - http://www.lapoliticaonline.com/files/rss/economia.xml
2020-01-20 12:03:17.311193: feed descargado.
2020-01-20 12:03:17.313074: ítem existente, abortando...
2020-01-20 12:03:17.313109: procesando feed: La Política Online - Ciudad - http://www.lapoliticaonline.com/files/rss/ciudad.xml
2020-01-20 12:03:17.570055: feed descargado.
2020-01-20 12:03:17.570168: ítem con fecha vieja, abortando...
2020-01-20 12:03:17.570188: procesando feed: La Política Online - Provincia - http://www.lapoliticaonline.com/files/rss/provincia.xml
2020-01-20 12:03:17.826378: feed descargado.
2020-01-20 12:03:17.826503: ítem con fecha vieja, abortando...
2020-01-20 12:03:17.826526: procesando feed: La Política Online - Conurbano - http://www.lapoliticaonline.com/files/rss/conurbano.xml
2020-01-20 12:03:18.105782: feed descargado.
2020-01-20 12:03:18.105902: ítem con fecha vieja, abortando...
2020-01-20 12:03:18.105924: procesando feed: La Política Online - Mendoza - http://www.lapoliticaonline.com/files/rss/mendoza.xml
2020-01-20 12:03:18.304627: feed descargado.
2020-01-20 12:03:18.304723: procesando feed: La Política Online - Santa Fe - http://www.lapoliticaonline.com/files/rss/santafe.xml
2020-01-20 12:03:18.551974: feed descargado.
2020-01-20 12:03:18.552674: ítem existente, abortando...
2020-01-20 12:03:18.552707: procesando feed: La Política Online - Transporte - http://www.lapoliticaonline.com/files/rss/transporte.xml
2020-01-20 12:03:19.058344: feed descargado.
2020-01-20 12:03:19.058471: ítem con fecha vieja, abortando...
2020-01-20 12:03:19.058492: procesando feed: La Política Online - Energía - http://www.lapoliticaonline.com/files/rss/energía.xml
2020-01-20 12:03:19.060131: feed descargado.
2020-01-20 12:03:19.060172: procesando feed: La Política Online - Judiciales - http://www.lapoliticaonline.com/files/rss/judiciales.xml
2020-01-20 12:03:19.304695: feed descargado.
2020-01-20 12:03:19.304784: procesando feed: ámbito.com - Portada - https://www.ambito.com/rss/home.xml
2020-01-20 12:03:19.685701: feed descargado.
2020-01-20 12:03:19.744540: ítem registrado: Ya son 20 los homicidios en Rosario en lo que va del año
2020-01-20 12:03:19.794564: ítem registrado: Acciones de Laboratorio Richmond subieron 219% en pesos durante 2019
2020-01-20 12:03:19.836278: ítem registrado: Tras el crimen en Villa Gesell, proponen ley de formación de deportistas no violentos
2020-01-20 12:03:19.877997: ítem registrado: Así echaban a los rugbiers del boliche en Villa Gesell
2020-01-20 12:03:19.928069: ítem registrado: Crimen en Villa Gesell: cronología de los hechos y estado de la causa
2020-01-20 12:03:19.969785: ítem registrado: Se reincorporaron al INTI decenas de científicos despedidos en la gestión de Macri
2020-01-20 12:03:20.019961: ítem registrado: Por el cierre de la línea C de subtes los colectivos no dan abasto
2020-01-20 12:03:20.103320: ítem registrado: Abierto de Australia: un triunfo, una derrota y tres postergaciones por la lluvia
2020-01-20 12:03:20.161862: ítem registrado: Qué piensa el candidato a presidente de Evo Morales sobre Argentina, Brasil, el FMI y el neoliberalismo
2020-01-20 12:03:20.211899: ítem registrado: Boca: Edwin Cardona sufrió una lesión casera y su vuelta es una incógnita
2020-01-20 12:03:20.253635: ítem registrado: Récord Guinness para joven india con la cabellera más larga del mundo
2020-01-20 12:03:20.295572: ítem registrado: UFC: Conor McGregor volvió con un impactante nocaut a los 40 segundos
2020-01-20 12:03:20.353978: ítem registrado: En homenaje a Queen, crean la primera moneda conmemorativa dedicada a una banda de rock
2020-01-20 12:03:20.403767: ítem registrado: Se negaron a declarar 10 de los rugbiers detenidos por el crimen del joven en Villa Gesell
2020-01-20 12:03:20.406228: ítem existente, abortando...
2020-01-20 12:03:20.406297: procesando feed: ámbito.com - Ultimas noticias - https://www.ambito.com/rss/ultimas-noticias.xml
2020-01-20 12:03:24.593578: feed descargado.
2020-01-20 12:03:24.673508: ítem registrado: Cristina vuelve a la presidencia, pero no pisa la Rosada
2020-01-20 12:03:24.723617: ítem registrado: Termas de Rio Hondo: una opción de verano, sin escalas
2020-01-20 12:03:24.725698: ítem existente, abortando...
2020-01-20 12:03:24.725762: procesando feed: ámbito.com - Economía - https://www.ambito.com/rss/economia.xml
2020-01-20 12:03:25.125244: feed descargado.
2020-01-20 12:03:25.173114: ítem registrado: La industria cayó 3,9% en noviembre y acumuló 11 meses en baja: se perdieron casi 53 mil empleos
2020-01-20 12:03:25.223037: ítem registrado: Neuquén lanza un plan de facilidades de pago de impuestos provinciales
2020-01-20 12:03:25.264733: ítem registrado: Las buenas noticias (y las advertencias) del FMI a la Argentina
2020-01-20 12:03:25.266198: ítem existente, abortando...
2020-01-20 12:03:25.266255: procesando feed: ámbito.com - Finanzas - https://www.ambito.com/rss/finanzas.xml
2020-01-20 12:03:25.681823: feed descargado.
2020-01-20 12:03:25.722278: ítem registrado: Dólar turista hoy: a cuánto opera este lunes 20 de enero
2020-01-20 12:03:25.722493: ítem con fecha vieja, abortando...
2020-01-20 12:03:25.722534: procesando feed: ámbito.com - Política - https://www.ambito.com/rss/politica.xml
2020-01-20 12:03:26.090440: feed descargado.
2020-01-20 12:03:26.092416: ítem existente, abortando...
2020-01-20 12:03:26.092453: procesando feed: ámbito.com - Negocios - https://www.ambito.com/rss/negocios.xml
2020-01-20 12:03:26.508386: feed descargado.
2020-01-20 12:03:26.509810: ítem existente, abortando...
2020-01-20 12:03:26.509874: procesando feed: ámbito.com - Opinión - https://www.ambito.com/rss/opinion.xml
2020-01-20 12:03:26.916193: feed descargado.
2020-01-20 12:03:26.918914: ítem existente, abortando...
2020-01-20 12:03:26.918975: procesando feed: ámbito.com - Lifestyle - https://www.ambito.com/rss/lifestyle.xml
2020-01-20 12:03:28.746542: feed descargado.
2020-01-20 12:03:28.752433: ítem existente, abortando...
2020-01-20 12:03:28.752520: procesando feed: ámbito.com - Nacional - https://www.ambito.com/rss/nacional.xml
2020-01-20 12:03:30.231305: feed descargado.
2020-01-20 12:03:30.233100: ítem existente, abortando...
2020-01-20 12:03:30.233137: procesando feed: ámbito.com - Edición Impresa - https://www.ambito.com/rss/edicion-impresa.xml
2020-01-20 12:03:30.746863: feed descargado.
2020-01-20 12:03:30.747063: ítem con fecha vieja, abortando...
2020-01-20 12:03:30.747101: procesando feed: ámbito.com - Mundo - https://www.ambito.com/rss/mundo.xml
2020-01-20 12:03:34.570411: feed descargado.
2020-01-20 12:03:34.571823: ítem existente, abortando...
2020-01-20 12:03:34.571881: procesando feed: ámbito.com - Información General - https://www.ambito.com/rss/informacion-general.xml
2020-01-20 12:03:34.975177: feed descargado.
2020-01-20 12:03:34.976727: ítem existente, abortando...
2020-01-20 12:03:34.976794: procesando feed: ámbito.com - Autos - https://www.ambito.com/rss/autos.xml
2020-01-20 12:03:36.655692: feed descargado.
2020-01-20 12:03:36.657109: ítem existente, abortando...
2020-01-20 12:03:36.657171: procesando feed: ámbito.com - Estilo A - https://www.ambito.com/rss/estilo-a.xml
2020-01-20 12:03:38.265101: feed descargado.
2020-01-20 12:03:38.265218: ítem con fecha vieja, abortando...
2020-01-20 12:03:38.265238: procesando feed: ámbito.com - Municipios - https://www.ambito.com/rss/municipios.xml
2020-01-20 12:03:39.015681: feed descargado.
2020-01-20 12:03:39.015798: ítem con fecha vieja, abortando...
2020-01-20 12:03:39.015819: procesando feed: ámbito.com - Espectáculos - https://www.ambito.com/rss/espectaculos.xml
2020-01-20 12:03:42.665485: feed descargado.
2020-01-20 12:03:42.704422: ítem registrado: Cantante del tema de "Dragon Ball" cayó del escenario y sufrió graves heridas
2020-01-20 12:03:42.746210: ítem registrado: Arden las redes por los cruces y miradas entre Brad Pitt y Jennifer Aniston
2020-01-20 12:03:42.748112: ítem existente, abortando...
2020-01-20 12:03:42.748188: procesando feed: ámbito.com - Ámbito Biz - https://www.ambito.com/rss/ambito-biz.xml
2020-01-20 12:03:50.950943: feed descargado.
2020-01-20 12:03:50.951088: ítem con fecha vieja, abortando...
2020-01-20 12:03:50.951120: procesando feed: ámbito.com - Novedades Fiscales - https://www.ambito.com/rss/novedades-fiscales.xml
2020-01-20 12:03:51.464367: feed descargado.
2020-01-20 12:03:51.464446: procesando feed: ámbito.com - Deportes - https://www.ambito.com/rss/deportes.xml
2020-01-20 12:03:51.885264: feed descargado.
2020-01-20 12:03:51.921857: ítem registrado: Sergio Romero protagonizó un impactante accidente: destruyó un Lamborghini de u$s220 mil
2020-01-20 12:03:51.963163: ítem registrado: Incómodo momento: "Kiss Cam" capturó a un pareja infiel en vivo
2020-01-20 12:03:51.964563: ítem existente, abortando...
2020-01-20 12:03:51.964622: procesando feed: ámbito.com - Copa América - https://www.ambito.com/rss/copa-america.xml
2020-01-20 12:03:52.689970: feed descargado.
2020-01-20 12:03:52.690096: ítem con fecha vieja, abortando...
2020-01-20 12:03:52.690127: procesando feed: La Voz - Política - https://www.lavoz.com.ar/rss/politica.xml
2020-01-20 12:03:54.135081: feed descargado.
2020-01-20 12:03:54.193323: ítem registrado: La economía latinoamericana crecerá 1,6% en 2020 impulsada por Brasil, según el FMI
2020-01-20 12:03:54.235068: ítem registrado: Rafael Bielsa advierte que las “detenciones arbitrarias son políticas” y pide el “indulto del  Presidente”
2020-01-20 12:03:54.276731: ítem registrado: Carrefour congela por tres meses los precios de 1.300 productos de su marca
2020-01-20 12:03:54.326758: ítem registrado: Por primera vez en dos años, el Banco Central reduce las subastas de las Leliq
2020-01-20 12:03:54.328178: ítem existente, abortando...
2020-01-20 12:03:54.328226: procesando feed: La Voz - Ciudadanos - https://www.lavoz.com.ar/rss/ciudadanos.xml
2020-01-20 12:03:54.622765: feed descargado.
2020-01-20 12:03:54.624644: ítem existente, abortando...
2020-01-20 12:03:54.624681: procesando feed: La Voz - Negocios - https://www.lavoz.com.ar/rss/negocios.xml
2020-01-20 12:03:54.909550: feed descargado.
2020-01-20 12:03:54.911285: ítem existente, abortando...
2020-01-20 12:03:54.911351: procesando feed: La Voz - Mundo - https://www.lavoz.com.ar/rss/mundo.xml
2020-01-20 12:03:55.157000: feed descargado.
2020-01-20 12:03:55.250323: ítem registrado: Con críticas del chavismo, Duque y Guaidó mantuvieron su primera reunión de trabajo en Bogotá
2020-01-20 12:03:55.300356: ítem registrado: Para Harry, "no había otra opción" que su salida de la Casa Real
2020-01-20 12:03:55.302623: ítem existente, abortando...
2020-01-20 12:03:55.302689: procesando feed: La Voz - Sucesos - https://www.lavoz.com.ar/rss/sucesos.xml
2020-01-20 12:03:55.575160: feed descargado.
2020-01-20 12:03:55.633272: ítem registrado: El hermano de uno de los detenidos de Villa Gesell dice que lo tratan "como un asesino"
2020-01-20 12:03:55.674927: ítem registrado: Tres casos de jóvenes que murieron por ataques de jugadores de rugby
2020-01-20 12:03:55.716608: ítem registrado: Ushuaia: escracharon a un patovica ahorcando a una joven en un boliche
2020-01-20 12:03:55.760947: ítem registrado: Video: pidió que bajaran la música en una playa de Mar del Plata y lo atacaron a golpes
2020-01-20 12:03:55.800081: ítem registrado: Tres muertos y cuatro heridos en un choque frontal en Pinamar
2020-01-20 12:03:55.858290: ítem registrado: Villa Gesell: los rugbiers detenidos por el crimen del joven se negaron a declarar
2020-01-20 12:03:55.908350: ítem registrado: Tragedia en Rusia: 5 muertos por la rotura de una tubería con agua caliente en un hostal
2020-01-20 12:03:56.003221: ítem registrado: Villa Gesell: un nuevo video muestra cómo sacaron a los rugbiers del boliche
2020-01-20 12:03:56.050364: ítem registrado: Dejaron una 'falsa bomba' en la casa familiar del papa Francisco en Buenos Aires
2020-01-20 12:03:56.052877: ítem existente, abortando...
2020-01-20 12:03:56.052972: procesando feed: La Voz - Tecnología - https://www.lavoz.com.ar/rss/tecnologia.xml
2020-01-20 12:03:56.326524: feed descargado.
2020-01-20 12:03:56.441434: ítem registrado: El CEO de Google destaca la necesidad de regular la Inteligencia Artificial
2020-01-20 12:03:56.441651: ítem con fecha vieja, abortando...
2020-01-20 12:03:56.441689: procesando feed: La Voz - Editorial - https://www.lavoz.com.ar/rss/editorial.xml
2020-01-20 12:03:56.744524: feed descargado.
2020-01-20 12:03:56.746392: ítem existente, abortando...
2020-01-20 12:03:56.746426: procesando feed: La Voz - Salud - https://www.lavoz.com.ar/rss/salud.xml
2020-01-20 12:03:57.025961: feed descargado.
2020-01-20 12:03:57.027824: ítem existente, abortando...
2020-01-20 12:03:57.027858: procesando feed: La Voz - Número Cero - https://www.lavoz.com.ar/rss/numero-cero.xml
2020-01-20 12:03:57.406346: feed descargado.
2020-01-20 12:03:57.407838: ítem existente, abortando...
2020-01-20 12:03:57.407897: procesando feed: La Voz - Tendencias - https://www.lavoz.com.ar/rss/tendencias.xml
2020-01-20 12:03:57.689794: feed descargado.
2020-01-20 12:03:57.830861: ítem registrado: Ventiladores de techo: un clásico de verano
2020-01-20 12:03:57.964725: ítem registrado: Muebles con acento cordobés
2020-01-20 12:03:57.964930: ítem con fecha vieja, abortando...
2020-01-20 12:03:57.964972: procesando feed: La Voz - Últimas noticias - https://www.lavoz.com.ar/rss/rss.xml
2020-01-20 12:03:58.178337: feed descargado.
2020-01-20 12:03:58.179868: ítem existente, abortando...
2020-01-20 12:03:58.179932: procesando feed: La Voz - TV - https://vos.lavoz.com.ar/rss/tv.xml
2020-01-20 12:03:58.431561: feed descargado.
2020-01-20 12:03:58.480289: ítem registrado: Volvió la felicidad: las fotos de La China Suárez y Benjamín Vicuña en la playa
2020-01-20 12:03:58.521914: ítem registrado: "El viaje de Chihiro" y otras películas de Studio Ghibli llegan a Netflix
2020-01-20 12:03:58.563700: ítem registrado: Esta noche comienza "Separadas": Una para todas y todas para una
2020-01-20 12:03:58.596897: ítem registrado: Jimena Barón contó detalles de su relación con Osvaldo: “Terminé vampirizada"
2020-01-20 12:03:58.630263: ítem registrado: Fin del misterio, era un chancho: un nuevo video muestra a Álvarez Castillo en la pileta sacando al animal
2020-01-20 12:03:58.680396: ítem registrado: Sol Pérez se quebró al hablar de su pelea con Mónica Farro: “No la estoy pasando bien”
2020-01-20 12:03:58.722163: ítem registrado: Cómo es "Drácula": la historia del vampiro más famoso no se agota
2020-01-20 12:03:58.772164: ítem registrado: Seis series que llegan a Netflix en los últimos días de enero de 2020
2020-01-20 12:03:58.773745: ítem existente, abortando...
2020-01-20 12:03:58.773798: procesando feed: La Voz - Cine - https://vos.lavoz.com.ar/rss/cine.xml
2020-01-20 12:03:59.049458: feed descargado.
2020-01-20 12:03:59.096652: ítem registrado: El encuentro más esperado: Brad Pitt y Jennifer Aniston, compinches en los SAG (Video y fotos)
2020-01-20 12:03:59.129876: ítem registrado: Todos los ganadores de los premios del Sindicato de Actores de Hollywood 2020
2020-01-20 12:03:59.131617: ítem existente, abortando...
2020-01-20 12:03:59.131672: procesando feed: La Voz - Música - https://vos.lavoz.com.ar/rss/musica.xml
2020-01-20 12:03:59.415224: feed descargado.
2020-01-20 12:03:59.472425: ítem registrado: Ricardo Arjona y un mensaje polémico: Me aburrí de la industria, es demasiado predecible
2020-01-20 12:03:59.522430: ítem registrado: AC/DC tendría un 2020 con todo: nuevo disco y gira mundial
2020-01-20 12:03:59.564170: ítem registrado: ¿Qué le pasa a Madonna? Canceló un concierto dos horas de empezar
2020-01-20 12:03:59.614102: ítem registrado: Homenaje permanente para Juan Carlos Saravia
2020-01-20 12:03:59.655882: ítem registrado: El músico David Olney muere en pleno concierto
2020-01-20 12:03:59.697545: ítem registrado: Jesús María 2020, día 10: un cierre a puro calor y coraje
2020-01-20 12:03:59.755702: ítem registrado: Jesús María, entre récords, accidentes y la expectativa por Paulo Londra
2020-01-20 12:03:59.805910: ítem registrado: El parte médico de los jinetes accidentados en Jesús María
2020-01-20 12:03:59.807970: ítem existente, abortando...
2020-01-20 12:03:59.808024: procesando feed: La Voz - Escena - https://vos.lavoz.com.ar/rss/escena.xml
2020-01-20 12:04:00.118516: feed descargado.
2020-01-20 12:04:00.119919: ítem existente, abortando...
2020-01-20 12:04:00.119956: procesando feed: La Voz - Comer y Beber - https://vos.lavoz.com.ar/rss/comer-y-beber.xml
2020-01-20 12:04:00.493713: feed descargado.
2020-01-20 12:04:00.493835: ítem con fecha vieja, abortando...
2020-01-20 12:04:00.493856: procesando feed: La Voz - Mirá - https://vos.lavoz.com.ar/rss/mira.xml
2020-01-20 12:04:00.773268: feed descargado.
2020-01-20 12:04:00.812605: ítem registrado: ¡Es fraude! La furia de Miss Colombia en pleno concurso de belleza
2020-01-20 12:04:00.812835: ítem con fecha vieja, abortando...
2020-01-20 12:04:00.812874: procesando feed: La Voz - Artes - https://vos.lavoz.com.ar/rss/artes.xml
2020-01-20 12:04:01.170937: feed descargado.
2020-01-20 12:04:01.171060: ítem con fecha vieja, abortando...
2020-01-20 12:04:01.171080: procesando feed: La Voz - Medios - https://vos.lavoz.com.ar/rss/medios.xml
2020-01-20 12:04:01.481156: feed descargado.
2020-01-20 12:04:01.481330: ítem con fecha vieja, abortando...
2020-01-20 12:04:01.481354: procesando feed: La Voz - Personajes - https://vos.lavoz.com.ar/rss/personajes.xml
2020-01-20 12:04:01.729663: feed descargado.
2020-01-20 12:04:01.731173: ítem existente, abortando...
2020-01-20 12:04:01.731233: procesando feed: La Voz - Últimas noticias - https://vos.lavoz.com.ar/rss/rss.xml
2020-01-20 12:04:02.013309: feed descargado.
2020-01-20 12:04:02.014676: ítem existente, abortando...
2020-01-20 12:04:02.014712: procesando feed: La Voz - Fútbol - https://mundod.lavoz.com.ar/rss/futbol.xml
2020-01-20 12:04:07.304131: feed descargado.
2020-01-20 12:04:07.391549: ítem registrado: Fassi les pidió “pertenencia y mucho trabajo” a los juveniles de Talleres
2020-01-20 12:04:07.433436: ítem registrado: Un año después, Emiliano Sala en el recuerdo y su traspaso en los tribunales
2020-01-20 12:04:07.525575: ítem registrado: Los refuerzos de Talleres que están “adentro”
2020-01-20 12:04:07.576042: ítem registrado: Juniors sigue dulce y metió otro triunfo en su pretemporada
2020-01-20 12:04:07.701756: ítem registrado: Un susto gigante: “Chiquito” Romero chocó rumbo a la práctica
2020-01-20 12:04:07.743711: ítem registrado: Gastón Yabale: Mi intención siempre fue quedarme en Instituto
2020-01-20 12:04:07.785608: ítem registrado: El Talleres 2020, casi el mismo de finales de 2019
2020-01-20 12:04:07.844217: ítem registrado: Quién es quién en la carrera final de la Superliga
2020-01-20 12:04:07.846326: ítem existente, abortando...
2020-01-20 12:04:07.846381: procesando feed: La Voz - Tenis - https://mundod.lavoz.com.ar/rss/tenis.xml
2020-01-20 12:04:08.128630: feed descargado.
2020-01-20 12:04:08.170211: ítem registrado: Debut y despedida para Londero en Australia
2020-01-20 12:04:08.212232: ítem registrado: Mariano Ink, director del torneo: "Trabajamos mucho por la experiencia Córdoba Open"
2020-01-20 12:04:08.214237: ítem existente, abortando...
2020-01-20 12:04:08.214291: procesando feed: La Voz - Básquet - https://mundod.lavoz.com.ar/rss/basquet.xml
2020-01-20 12:04:08.482379: feed descargado.
2020-01-20 12:04:08.530067: ítem registrado: Instituto va por la gloria continental en Nicaragua
2020-01-20 12:04:08.532305: ítem existente, abortando...
2020-01-20 12:04:08.532397: procesando feed: La Voz - Rugby - https://mundod.lavoz.com.ar/rss/rugby.xml
2020-01-20 12:04:08.831807: feed descargado.
2020-01-20 12:04:08.833713: ítem existente, abortando...
2020-01-20 12:04:08.833753: procesando feed: La Voz - Motores - https://mundod.lavoz.com.ar/rss/motores.xml
2020-01-20 12:04:09.059834: feed descargado.
2020-01-20 12:04:09.106825: ítem registrado: Turismo Carretera: Asistencia perfecta para pelear el título
2020-01-20 12:04:09.109099: ítem existente, abortando...
2020-01-20 12:04:09.109185: procesando feed: La Voz - Extremo - https://mundod.lavoz.com.ar/rss/extremo.xml
2020-01-20 12:04:09.404594: feed descargado.
2020-01-20 12:04:09.404712: ítem con fecha vieja, abortando...
2020-01-20 12:04:09.404732: procesando feed: La Voz - Y más - https://mundod.lavoz.com.ar/rss/y-mas.xml
2020-01-20 12:04:09.682031: feed descargado.
2020-01-20 12:04:09.724971: ítem registrado: Se corrió el DD2 Blue Track Day en Colonia Caroya
2020-01-20 12:04:09.727086: ítem existente, abortando...
2020-01-20 12:04:09.727141: procesando feed: La Voz - belgrano - https://mundod.lavoz.com.ar/rss/belgrano.xml
2020-01-20 12:04:10.097938: feed descargado.
2020-01-20 12:04:10.099432: ítem existente, abortando...
2020-01-20 12:04:10.099476: procesando feed: La Voz - talleres - https://mundod.lavoz.com.ar/rss/talleres.xml
2020-01-20 12:04:10.464202: feed descargado.
2020-01-20 12:04:10.465577: ítem existente, abortando...
2020-01-20 12:04:10.465611: procesando feed: La Voz - instituto - https://mundod.lavoz.com.ar/rss/instituto.xml
2020-01-20 12:04:10.765150: feed descargado.
2020-01-20 12:04:10.767819: ítem existente, abortando...
2020-01-20 12:04:10.767897: procesando feed: La Voz - Últimas noticias - https://mundod.lavoz.com.ar/rss/rss.xml
2020-01-20 12:04:10.999733: feed descargado.
2020-01-20 12:04:11.002324: ítem existente, abortando...
2020-01-20 12:04:11.002375: procesando feed: iProfesional.com - Últimas noticias - https://www.iprofesional.com/rss/home
2020-01-20 12:04:12.014073: feed descargado.
2020-01-20 12:04:12.054193: ítem registrado: En un mercado inmobiliario "bajo cero", las empresas quieren reactivar con plan de viviendas
2020-01-20 12:04:12.095861: ítem registrado: El FMI "ata" el crecimiento global a la recuperación de Argentina, Irán y Turquía y corrige a la baja sus proyecciones para 2020
2020-01-20 12:04:12.137798: ítem registrado: El Gobierno anula el mega proyecto de Macri para entregar puerto porteño a un solo operador
2020-01-20 12:04:12.187760: ítem registrado: Los diferentes segmentos del mercado cambiario convergen a los 80 pesos
2020-01-20 12:04:12.229783: ítem registrado: El sciolismo y La Cámpora controlarán el organismo encargado de subastar los bienes de la corrupción
2020-01-20 12:04:12.231636: ítem existente, abortando...
2020-01-20 12:04:12.231673: procesando feed: iProfesional.com - Econom&iacute;a - https://www.iprofesional.com/rss/economia
2020-01-20 12:04:12.775779: feed descargado.
2020-01-20 12:04:12.830402: ítem registrado: Por un cambio burocrático la ley de economía del conocimiento se quedó sin reglamentación y nadie puede acceder a sus beneficios
2020-01-20 12:04:12.888912: ítem registrado: Por la crisis, alcanzó a 5,7%la mora de la deuda de las pymes con los bancos
2020-01-20 12:04:12.939100: ítem registrado: Cavallo: "Si no se soluciona la estanflación, existe el peligro de una hiperinflación"
2020-01-20 12:04:12.981027: ítem registrado: La gestión de Mauricio Macri dejó deudas en el PAMI por $19.000 millones
2020-01-20 12:04:13.022646: ítem registrado: Informe de Oxfam: 2.000 empresarios tienen más riqueza que el 60% del planeta
2020-01-20 12:04:13.064509: ítem registrado: Kicillof, confiado sobre el reperfilamiento de deuda: "Los acreedores entienden bien la solución que presentamos"
2020-01-20 12:04:13.106356: ítem registrado: Martín Guzmán lanza canje de deuda por $214.200 millones para bonos que vencen a fines de 2020
2020-01-20 12:04:13.148112: ítem registrado: Gremios aeronáuticos y Latam Argentina firmaron nuevo acuerdo salarial: cómo serán los aumentos
2020-01-20 12:04:13.206556: ítem registrado: Datos oficiales: en la "era Macri" cerraron casi 25.000 empresas pymes
2020-01-20 12:04:13.249049: ítem registrado: Informe de Renatre: el 83% de los empleados rurales está en negro
2020-01-20 12:04:13.340425: ítem registrado: Supermercados advierten por aumentos de 40% en productos fuera de la lista de "Precios Cuidados"
2020-01-20 12:04:13.382155: ítem registrado: Gesto para los acreedores de deuda: recortan obras públicas para reducir $67.000 millones del déficit
2020-01-20 12:04:13.432297: ítem registrado: "Puede haber una recuperación corta pero después vamos a una crisis"
2020-01-20 12:04:13.434425: ítem existente, abortando...
2020-01-20 12:04:13.434479: procesando feed: iProfesional.com - Finanzas - https://www.iprofesional.com/rss/finanzas
2020-01-20 12:04:13.766915: feed descargado.
2020-01-20 12:04:13.767034: ítem con fecha vieja, abortando...
2020-01-20 12:04:13.767053: procesando feed: iProfesional.com - Impuestos - https://www.iprofesional.com/rss/impuestos
2020-01-20 12:04:14.118818: feed descargado.
2020-01-20 12:04:14.118941: ítem con fecha vieja, abortando...
2020-01-20 12:04:14.118960: procesando feed: iProfesional.com - Legales - https://www.iprofesional.com/rss/legales
2020-01-20 12:04:14.836959: feed descargado.
2020-01-20 12:04:14.837074: ítem con fecha vieja, abortando...
2020-01-20 12:04:14.837093: procesando feed: iProfesional.com - Negocios - https://www.iprofesional.com/rss/negocios
2020-01-20 12:04:15.172761: feed descargado.
2020-01-20 12:04:15.174247: ítem existente, abortando...
2020-01-20 12:04:15.174306: procesando feed: iProfesional.com - Tecnolog&iacute;a - https://www.iprofesional.com/rss/tecnologia
2020-01-20 12:04:15.512332: feed descargado.
2020-01-20 12:04:15.558080: ítem registrado: Recrudece la guerra del "streaming" con un nuevo jugador: ¿podrá destronar a Netflix?
2020-01-20 12:04:15.560547: ítem existente, abortando...
2020-01-20 12:04:15.560642: procesando feed: iProfesional.com - Comex - https://www.iprofesional.com/rss/comex
2020-01-20 12:04:16.342185: feed descargado.
2020-01-20 12:04:16.343595: ítem existente, abortando...
2020-01-20 12:04:16.343628: procesando feed: iProfesional.com - Management - https://www.iprofesional.com/rss/management
2020-01-20 12:04:16.668802: feed descargado.
2020-01-20 12:04:16.895379: ítem registrado: Tras su incursión en televisión, Fabricio Oberto apuesta por los e-sports a donde busca llevar su experiencia de equipo
2020-01-20 12:04:16.898726: ítem existente, abortando...
2020-01-20 12:04:16.898812: procesando feed: iProfesional.com - Política - https://www.iprofesional.com/rss/politica
2020-01-20 12:04:17.501602: feed descargado.
2020-01-20 12:04:17.503691: ítem existente, abortando...
2020-01-20 12:04:17.503726: procesando feed: iProfesional.com - Autos - https://www.iprofesional.com/rss/autos
2020-01-20 12:04:18.030336: feed descargado.
2020-01-20 12:04:18.032082: ítem existente, abortando...
2020-01-20 12:04:18.032156: procesando feed: iProfesional.com - Vinos &amp; Bodegas - https://www.iprofesional.com/rss/vinos
2020-01-20 12:04:18.379392: feed descargado.
2020-01-20 12:04:18.379516: ítem con fecha vieja, abortando...
2020-01-20 12:04:18.379535: procesando feed: iProfesional.com - Health & Tech - https://www.iprofesional.com/rss/health-tech
2020-01-20 12:04:18.895584: feed descargado.
2020-01-20 12:04:18.897543: ítem existente, abortando...
2020-01-20 12:04:18.897585: proceso finalizado.
